
> hansentest@0.0.0 start /home/ec2-user/hansentest
> node ./bin/www

[0mGET /favicon.ico [33m404 [0m23.614 ms - 987[0m
[0mGET /favicon.ico [33m404 [0m21.169 ms - 987[0m
[0mGET /favicon.ico [33m404 [0m21.117 ms - 987[0m
[0mGET /raster [32m200 [0m2.968 ms - 1660[0m
[0mGET /stylesheets/style.css [32m200 [0m5.669 ms - 110[0m
[0mGET /javascripts/paperscript.js [32m200 [0m0.609 ms - 1753[0m
[0mGET /javascripts/imageMove.js [32m200 [0m0.731 ms - 9314[0m
[0mGET /javascripts/jquery.js [32m200 [0m50.571 ms - 93068[0m
[0mGET /javascripts/codemirror.js [32m200 [0m47.820 ms - 108143[0m
[0mGET /javascripts/test.js [33m404 [0m1.226 ms - 987[0m
[0mGET /javascripts/paper-full.min.js [32m200 [0m147.671 ms - 210095[0m
[0mGET /images/background.png [32m200 [0m0.912 ms - 34745[0m
[0mGET /javascripts/paperscript.js [36m304 [0m2.206 ms - -[0m
[0mGET /images/mona.jpg [32m200 [0m0.896 ms - 10405[0m
[0mGET /stylesheets/style.css [36m304 [0m1.505 ms - -[0m

npm ERR! Linux 3.14.27-25.47.amzn1.x86_64
npm ERR! argv "node" "/usr/bin/npm" "start"
npm ERR! node v0.10.33
npm ERR! npm  v2.7.6
npm ERR! code ELIFECYCLE
npm ERR! hansentest@0.0.0 start: `node ./bin/www`
npm ERR! Exit status 143
npm ERR! 
npm ERR! Failed at the hansentest@0.0.0 start script 'node ./bin/www'.
npm ERR! This is most likely a problem with the hansentest package,
npm ERR! not with npm itself.
npm ERR! Tell the author that this fails on your system:
npm ERR!     node ./bin/www
npm ERR! You can get their info via:
npm ERR!     npm owner ls hansentest
npm ERR! There is likely additional logging output above.

npm ERR! Please include the following file with any support request:
npm ERR!     /home/ec2-user/hansentest/npm-debug.log
